<?xml version="1.0" encoding="UTF-8" ?>
<testsuite tests="5" failures="0" name="com.mycompany.app.AppTest" time="0.005" errors="0" skipped="0">
  <properties>
[...]
</properties>
  <testcase classname="com.mycompany.app.AppTest" name="testSmallFirstArray" time="0.005"/>
  <testcase classname="com.mycompany.app.AppTest" name="testBigFirstArray" time="0"/>
  <testcase classname="com.mycompany.app.AppTest" name="testAppropriateArrays" time="0"/>
  <testcase classname="com.mycompany.app.AppTest" name="testInappropriateArrays" time="0"/>
  <testcase classname="com.mycompany.app.AppTest" name="testNullArray" time="0"/>
</testsuite>